<?xml version="1.0" encoding="UTF-8"?>
<testsuite name="io.chatapp.dao.app.MainSpringApplicationTests" time="0.175" tests="2" errors="0" skipped="0" failures="1">
  <properties>
[...]
</properties>
  <testcase name="testProperties" classname="io.chatapp.dao.app.MainSpringApplicationTests" time="0.174">
    <failure message="expected:&lt;300[3]&gt; but was:&lt;300[0]&gt;" type="org.junit.ComparisonFailure"><![CDATA[org.junit.ComparisonFailure: expected:<300[3]> but was:<300[0]>
	at sun.reflect.NativeConstructorAccessorImpl.newInstance0(Native Method)
	at sun.reflect.NativeConstructorAccessorImpl.newInstance(NativeConstructorAccessorImpl.java:62)
	at sun.reflect.DelegatingConstructorAccessorImpl.newInstance(DelegatingConstructorAccessorImpl.java:45)
	at io.chatapp.dao.app.MainSpringApplicationTests.testProperties(MainSpringApplicationTests.java:27)
]]></failure>
    <system-out><![CDATA[09:41:36.994 [main] DEBUG org.springframework.test.context.junit4.SpringJUnit4ClassRunner - SpringJUnit4ClassRunner constructor called with [class io.chatapp.dao.app.MainSpringApplicationTests]
09:41:37.015 [main] DEBUG org.springframework.test.context.BootstrapUtils - Instantiating CacheAwareContextLoaderDelegate from class [org.springframework.test.context.cache.DefaultCacheAwareContextLoaderDelegate]
09:41:37.034 [main] DEBUG org.springframework.test.context.BootstrapUtils - Instantiating BootstrapContext using constructor [public org.springframework.test.context.support.DefaultBootstrapContext(java.lang.Class,org.springframework.test.context.CacheAwareContextLoaderDelegate)]
09:41:37.058 [main] DEBUG org.springframework.test.context.BootstrapUtils - Instantiating TestContextBootstrapper for test class [io.chatapp.dao.app.MainSpringApplicationTests] from class [org.springframework.boot.test.context.SpringBootTestContextBootstrapper]
09:41:37.071 [main] INFO org.springframework.boot.test.context.SpringBootTestContextBootstrapper - Neither @ContextConfiguration nor @ContextHierarchy found for test class [io.chatapp.dao.app.MainSpringApplicationTests], using SpringBootContextLoader
09:41:37.076 [main] DEBUG org.springframework.test.context.support.AbstractContextLoader - Did not detect default resource location for test class [io.chatapp.dao.app.MainSpringApplicationTests]: class path resource [io/chatapp/dao/app/MainSpringApplicationTests-context.xml] does not exist
09:41:37.076 [main] DEBUG org.springframework.test.context.support.AbstractContextLoader - Did not detect default resource location for test class [io.chatapp.dao.app.MainSpringApplicationTests]: class path resource [io/chatapp/dao/app/MainSpringApplicationTestsContext.groovy] does not exist
09:41:37.076 [main] INFO org.springframework.test.context.support.AbstractContextLoader - Could not detect default resource locations for test class [io.chatapp.dao.app.MainSpringApplicationTests]: no resource found for suffixes {-context.xml, Context.groovy}.
09:41:37.135 [main] DEBUG org.springframework.test.context.support.ActiveProfilesUtils - Could not find an 'annotation declaring class' for annotation type [org.springframework.test.context.ActiveProfiles] and class [io.chatapp.dao.app.MainSpringApplicationTests]
09:41:37.183 [main] DEBUG org.springframework.boot.test.context.SpringBootTestContextBootstrapper - @TestExecutionListeners is not present for class [io.chatapp.dao.app.MainSpringApplicationTests]: using defaults.
09:41:37.190 [main] INFO org.springframework.boot.test.context.SpringBootTestContextBootstrapper - Loaded default TestExecutionListener class names from location [META-INF/spring.factories]: [org.springframework.boot.test.mock.mockito.MockitoTestExecutionListener, org.springframework.boot.test.mock.mockito.ResetMocksTestExecutionListener, org.springframework.boot.test.autoconfigure.restdocs.RestDocsTestExecutionListener, org.springframework.boot.test.autoconfigure.web.client.MockRestServiceServerResetTestExecutionListener, org.springframework.boot.test.autoconfigure.web.servlet.MockMvcPrintOnlyOnFailureTestExecutionListener, org.springframework.boot.test.autoconfigure.web.servlet.WebDriverTestExecutionListener, org.springframework.test.context.web.ServletTestExecutionListener, org.springframework.test.context.support.DirtiesContextBeforeModesTestExecutionListener, org.springframework.test.context.support.DependencyInjectionTestExecutionListener, org.springframework.test.context.support.DirtiesContextTestExecutionListener, org.springframework.test.context.transaction.TransactionalTestExecutionListener, org.springframework.test.context.jdbc.SqlScriptsTestExecutionListener]
09:41:37.223 [main] INFO org.springframework.boot.test.context.SpringBootTestContextBootstrapper - Using TestExecutionListeners: [org.springframework.test.context.web.ServletTestExecutionListener@727803de, org.springframework.test.context.support.DirtiesContextBeforeModesTestExecutionListener@704921a5, org.springframework.boot.test.autoconfigure.SpringBootDependencyInjectionTestExecutionListener@df27fae, org.springframework.test.context.support.DirtiesContextTestExecutionListener@24a35978, org.springframework.test.context.transaction.TransactionalTestExecutionListener@16f7c8c1, org.springframework.test.context.jdbc.SqlScriptsTestExecutionListener@2f0a87b3, org.springframework.boot.test.mock.mockito.MockitoTestExecutionListener@319b92f3, org.springframework.boot.test.mock.mockito.ResetMocksTestExecutionListener@fcd6521, org.springframework.boot.test.autoconfigure.restdocs.RestDocsTestExecutionListener@27d415d9, org.springframework.boot.test.autoconfigure.web.client.MockRestServiceServerResetTestExecutionListener@5c18298f, org.springframework.boot.test.autoconfigure.web.servlet.MockMvcPrintOnlyOnFailureTestExecutionListener@31f924f5, org.springframework.boot.test.autoconfigure.web.servlet.WebDriverTestExecutionListener@5579bb86]
09:41:37.241 [main] DEBUG org.springframework.test.context.junit4.SpringJUnit4ClassRunner - SpringJUnit4ClassRunner constructor called with [class io.chatapp.dao.repository.GroupMemberRepositoryTest]
09:41:37.241 [main] DEBUG org.springframework.test.context.BootstrapUtils - Instantiating CacheAwareContextLoaderDelegate from class [org.springframework.test.context.cache.DefaultCacheAwareContextLoaderDelegate]
09:41:37.242 [main] DEBUG org.springframework.test.context.BootstrapUtils - Instantiating BootstrapContext using constructor [public org.springframework.test.context.support.DefaultBootstrapContext(java.lang.Class,org.springframework.test.context.CacheAwareContextLoaderDelegate)]
09:41:37.243 [main] DEBUG org.springframework.test.context.BootstrapUtils - Instantiating TestContextBootstrapper for test class [io.chatapp.dao.repository.GroupMemberRepositoryTest] from class [org.springframework.boot.test.context.SpringBootTestContextBootstrapper]
09:41:37.244 [main] INFO org.springframework.boot.test.context.SpringBootTestContextBootstrapper - Neither @ContextConfiguration nor @ContextHierarchy found for test class [io.chatapp.dao.repository.GroupMemberRepositoryTest], using SpringBootContextLoader
09:41:37.245 [main] DEBUG org.springframework.test.context.support.AbstractContextLoader - Did not detect default resource location for test class [io.chatapp.dao.repository.GroupMemberRepositoryTest]: class path resource [io/chatapp/dao/repository/GroupMemberRepositoryTest-context.xml] does not exist
09:41:37.246 [main] DEBUG org.springframework.test.context.support.AbstractContextLoader - Did not detect default resource location for test class [io.chatapp.dao.repository.GroupMemberRepositoryTest]: class path resource [io/chatapp/dao/repository/GroupMemberRepositoryTestContext.groovy] does not exist
09:41:37.248 [main] INFO org.springframework.test.context.support.AbstractContextLoader - Could not detect default resource locations for test class [io.chatapp.dao.repository.GroupMemberRepositoryTest]: no resource found for suffixes {-context.xml, Context.groovy}.
09:41:37.277 [main] DEBUG org.springframework.test.context.support.ActiveProfilesUtils - Could not find an 'annotation declaring class' for annotation type [org.springframework.test.context.ActiveProfiles] and class [io.chatapp.dao.repository.GroupMemberRepositoryTest]
09:41:37.286 [main] DEBUG org.springframework.boot.test.context.SpringBootTestContextBootstrapper - @TestExecutionListeners is not present for class [io.chatapp.dao.repository.GroupMemberRepositoryTest]: using defaults.
09:41:37.288 [main] INFO org.springframework.boot.test.context.SpringBootTestContextBootstrapper - Loaded default TestExecutionListener class names from location [META-INF/spring.factories]: [org.springframework.boot.test.mock.mockito.MockitoTestExecutionListener, org.springframework.boot.test.mock.mockito.ResetMocksTestExecutionListener, org.springframework.boot.test.autoconfigure.restdocs.RestDocsTestExecutionListener, org.springframework.boot.test.autoconfigure.web.client.MockRestServiceServerResetTestExecutionListener, org.springframework.boot.test.autoconfigure.web.servlet.MockMvcPrintOnlyOnFailureTestExecutionListener, org.springframework.boot.test.autoconfigure.web.servlet.WebDriverTestExecutionListener, org.springframework.test.context.web.ServletTestExecutionListener, org.springframework.test.context.support.DirtiesContextBeforeModesTestExecutionListener, org.springframework.test.context.support.DependencyInjectionTestExecutionListener, org.springframework.test.context.support.DirtiesContextTestExecutionListener, org.springframework.test.context.transaction.TransactionalTestExecutionListener, org.springframework.test.context.jdbc.SqlScriptsTestExecutionListener]
09:41:37.294 [main] INFO org.springframework.boot.test.context.SpringBootTestContextBootstrapper - Using TestExecutionListeners: [org.springframework.test.context.web.ServletTestExecutionListener@166fa74d, org.springframework.test.context.support.DirtiesContextBeforeModesTestExecutionListener@40f08448, org.springframework.boot.test.autoconfigure.SpringBootDependencyInjectionTestExecutionListener@276438c9, org.springframework.test.context.support.DirtiesContextTestExecutionListener@588df31b, org.springframework.test.context.transaction.TransactionalTestExecutionListener@33b37288, org.springframework.test.context.jdbc.SqlScriptsTestExecutionListener@77a57272, org.springframework.boot.test.mock.mockito.MockitoTestExecutionListener@7181ae3f, org.springframework.boot.test.mock.mockito.ResetMocksTestExecutionListener@46238e3f, org.springframework.boot.test.autoconfigure.restdocs.RestDocsTestExecutionListener@6e2c9341, org.springframework.boot.test.autoconfigure.web.client.MockRestServiceServerResetTestExecutionListener@32464a14, org.springframework.boot.test.autoconfigure.web.servlet.MockMvcPrintOnlyOnFailureTestExecutionListener@4e4aea35, org.springframework.boot.test.autoconfigure.web.servlet.WebDriverTestExecutionListener@1442d7b5]
09:41:37.296 [main] DEBUG org.springframework.test.context.junit4.SpringJUnit4ClassRunner - SpringJUnit4ClassRunner constructor called with [class io.chatapp.dao.repository.MessageRepositoryTest]
09:41:37.297 [main] DEBUG org.springframework.test.context.BootstrapUtils - Instantiating CacheAwareContextLoaderDelegate from class [org.springframework.test.context.cache.DefaultCacheAwareContextLoaderDelegate]
09:41:37.299 [main] DEBUG org.springframework.test.context.BootstrapUtils - Instantiating BootstrapContext using constructor [public org.springframework.test.context.support.DefaultBootstrapContext(java.lang.Class,org.springframework.test.context.CacheAwareContextLoaderDelegate)]
09:41:37.300 [main] DEBUG org.springframework.test.context.BootstrapUtils - Instantiating TestContextBootstrapper for test class [io.chatapp.dao.repository.MessageRepositoryTest] from class [org.springframework.boot.test.context.SpringBootTestContextBootstrapper]
09:41:37.301 [main] INFO org.springframework.boot.test.context.SpringBootTestContextBootstrapper - Neither @ContextConfiguration nor @ContextHierarchy found for test class [io.chatapp.dao.repository.MessageRepositoryTest], using SpringBootContextLoader
09:41:37.302 [main] DEBUG org.springframework.test.context.support.AbstractContextLoader - Did not detect default resource location for test class [io.chatapp.dao.repository.MessageRepositoryTest]: class path resource [io/chatapp/dao/repository/MessageRepositoryTest-context.xml] does not exist
09:41:37.303 [main] DEBUG org.springframework.test.context.support.AbstractContextLoader - Did not detect default resource location for test class [io.chatapp.dao.repository.MessageRepositoryTest]: class path resource [io/chatapp/dao/repository/MessageRepositoryTestContext.groovy] does not exist
09:41:37.304 [main] INFO org.springframework.test.context.support.AbstractContextLoader - Could not detect default resource locations for test class [io.chatapp.dao.repository.MessageRepositoryTest]: no resource found for suffixes {-context.xml, Context.groovy}.
09:41:37.310 [main] DEBUG org.springframework.test.context.support.ActiveProfilesUtils - Could not find an 'annotation declaring class' for annotation type [org.springframework.test.context.ActiveProfiles] and class [io.chatapp.dao.repository.MessageRepositoryTest]
09:41:37.312 [main] DEBUG org.springframework.boot.test.context.SpringBootTestContextBootstrapper - @TestExecutionListeners is not present for class [io.chatapp.dao.repository.MessageRepositoryTest]: using defaults.
09:41:37.320 [main] INFO org.springframework.boot.test.context.SpringBootTestContextBootstrapper - Loaded default TestExecutionListener class names from location [META-INF/spring.factories]: [org.springframework.boot.test.mock.mockito.MockitoTestExecutionListener, org.springframework.boot.test.mock.mockito.ResetMocksTestExecutionListener, org.springframework.boot.test.autoconfigure.restdocs.RestDocsTestExecutionListener, org.springframework.boot.test.autoconfigure.web.client.MockRestServiceServerResetTestExecutionListener, org.springframework.boot.test.autoconfigure.web.servlet.MockMvcPrintOnlyOnFailureTestExecutionListener, org.springframework.boot.test.autoconfigure.web.servlet.WebDriverTestExecutionListener, org.springframework.test.context.web.ServletTestExecutionListener, org.springframework.test.context.support.DirtiesContextBeforeModesTestExecutionListener, org.springframework.test.context.support.DependencyInjectionTestExecutionListener, org.springframework.test.context.support.DirtiesContextTestExecutionListener, org.springframework.test.context.transaction.TransactionalTestExecutionListener, org.springframework.test.context.jdbc.SqlScriptsTestExecutionListener]
09:41:37.325 [main] INFO org.springframework.boot.test.context.SpringBootTestContextBootstrapper - Using TestExecutionListeners: [org.springframework.test.context.web.ServletTestExecutionListener@38364841, org.springframework.test.context.support.DirtiesContextBeforeModesTestExecutionListener@28c4711c, org.springframework.boot.test.autoconfigure.SpringBootDependencyInjectionTestExecutionListener@59717824, org.springframework.test.context.support.DirtiesContextTestExecutionListener@146044d7, org.springframework.test.context.transaction.TransactionalTestExecutionListener@1e9e725a, org.springframework.test.context.jdbc.SqlScriptsTestExecutionListener@15d9bc04, org.springframework.boot.test.mock.mockito.MockitoTestExecutionListener@473b46c3, org.springframework.boot.test.mock.mockito.ResetMocksTestExecutionListener@516be40f, org.springframework.boot.test.autoconfigure.restdocs.RestDocsTestExecutionListener@3c0a50da, org.springframework.boot.test.autoconfigure.web.client.MockRestServiceServerResetTestExecutionListener@646be2c3, org.springframework.boot.test.autoconfigure.web.servlet.MockMvcPrintOnlyOnFailureTestExecutionListener@797badd3, org.springframework.boot.test.autoconfigure.web.servlet.WebDriverTestExecutionListener@77be656f]
09:41:37.327 [main] DEBUG org.springframework.test.context.junit4.SpringJUnit4ClassRunner - SpringJUnit4ClassRunner constructor called with [class io.chatapp.dao.repository.UserRepositoryTest]
09:41:37.328 [main] DEBUG org.springframework.test.context.BootstrapUtils - Instantiating CacheAwareContextLoaderDelegate from class [org.springframework.test.context.cache.DefaultCacheAwareContextLoaderDelegate]
09:41:37.328 [main] DEBUG org.springframework.test.context.BootstrapUtils - Instantiating BootstrapContext using constructor [public org.springframework.test.context.support.DefaultBootstrapContext(java.lang.Class,org.springframework.test.context.CacheAwareContextLoaderDelegate)]
09:41:37.329 [main] DEBUG org.springframework.test.context.BootstrapUtils - Instantiating TestContextBootstrapper for test class [io.chatapp.dao.repository.UserRepositoryTest] from class [org.springframework.boot.test.context.SpringBootTestContextBootstrapper]
09:41:37.332 [main] INFO org.springframework.boot.test.context.SpringBootTestContextBootstrapper - Neither @ContextConfiguration nor @ContextHierarchy found for test class [io.chatapp.dao.repository.UserRepositoryTest], using SpringBootContextLoader
09:41:37.334 [main] DEBUG org.springframework.test.context.support.AbstractContextLoader - Did not detect default resource location for test class [io.chatapp.dao.repository.UserRepositoryTest]: class path resource [io/chatapp/dao/repository/UserRepositoryTest-context.xml] does not exist
09:41:37.335 [main] DEBUG org.springframework.test.context.support.AbstractContextLoader - Did not detect default resource location for test class [io.chatapp.dao.repository.UserRepositoryTest]: class path resource [io/chatapp/dao/repository/UserRepositoryTestContext.groovy] does not exist
09:41:37.335 [main] INFO org.springframework.test.context.support.AbstractContextLoader - Could not detect default resource locations for test class [io.chatapp.dao.repository.UserRepositoryTest]: no resource found for suffixes {-context.xml, Context.groovy}.
09:41:37.342 [main] DEBUG org.springframework.test.context.support.ActiveProfilesUtils - Could not find an 'annotation declaring class' for annotation type [org.springframework.test.context.ActiveProfiles] and class [io.chatapp.dao.repository.UserRepositoryTest]
09:41:37.343 [main] DEBUG org.springframework.boot.test.context.SpringBootTestContextBootstrapper - @TestExecutionListeners is not present for class [io.chatapp.dao.repository.UserRepositoryTest]: using defaults.
09:41:37.353 [main] INFO org.springframework.boot.test.context.SpringBootTestContextBootstrapper - Loaded default TestExecutionListener class names from location [META-INF/spring.factories]: [org.springframework.boot.test.mock.mockito.MockitoTestExecutionListener, org.springframework.boot.test.mock.mockito.ResetMocksTestExecutionListener, org.springframework.boot.test.autoconfigure.restdocs.RestDocsTestExecutionListener, org.springframework.boot.test.autoconfigure.web.client.MockRestServiceServerResetTestExecutionListener, org.springframework.boot.test.autoconfigure.web.servlet.MockMvcPrintOnlyOnFailureTestExecutionListener, org.springframework.boot.test.autoconfigure.web.servlet.WebDriverTestExecutionListener, org.springframework.test.context.web.ServletTestExecutionListener, org.springframework.test.context.support.DirtiesContextBeforeModesTestExecutionListener, org.springframework.test.context.support.DependencyInjectionTestExecutionListener, org.springframework.test.context.support.DirtiesContextTestExecutionListener, org.springframework.test.context.transaction.TransactionalTestExecutionListener, org.springframework.test.context.jdbc.SqlScriptsTestExecutionListener]
09:41:37.360 [main] INFO org.springframework.boot.test.context.SpringBootTestContextBootstrapper - Using TestExecutionListeners: [org.springframework.test.context.web.ServletTestExecutionListener@7f9fcf7f, org.springframework.test.context.support.DirtiesContextBeforeModesTestExecutionListener@2357d90a, org.springframework.boot.test.autoconfigure.SpringBootDependencyInjectionTestExecutionListener@6328d34a, org.springframework.test.context.support.DirtiesContextTestExecutionListener@145eaa29, org.springframework.test.context.transaction.TransactionalTestExecutionListener@15bb6bea, org.springframework.test.context.jdbc.SqlScriptsTestExecutionListener@8b96fde, org.springframework.boot.test.mock.mockito.MockitoTestExecutionListener@2d2e5f00, org.springframework.boot.test.mock.mockito.ResetMocksTestExecutionListener@4c40b76e, org.springframework.boot.test.autoconfigure.restdocs.RestDocsTestExecutionListener@2ea6137, org.springframework.boot.test.autoconfigure.web.client.MockRestServiceServerResetTestExecutionListener@41ee392b, org.springframework.boot.test.autoconfigure.web.servlet.MockMvcPrintOnlyOnFailureTestExecutionListener@1e67a849, org.springframework.boot.test.autoconfigure.web.servlet.WebDriverTestExecutionListener@57d5872c]
09:41:37.371 [main] DEBUG org.springframework.test.annotation.ProfileValueUtils - Retrieved @ProfileValueSourceConfiguration [null] for test class [io.chatapp.dao.app.MainSpringApplicationTests]
09:41:37.371 [main] DEBUG org.springframework.test.annotation.ProfileValueUtils - Retrieved ProfileValueSource type [class org.springframework.test.annotation.SystemProfileValueSource] for class [io.chatapp.dao.app.MainSpringApplicationTests]
09:41:37.373 [main] DEBUG org.springframework.test.annotation.ProfileValueUtils - Retrieved @ProfileValueSourceConfiguration [null] for test class [io.chatapp.dao.repository.GroupMemberRepositoryTest]
09:41:37.373 [main] DEBUG org.springframework.test.annotation.ProfileValueUtils - Retrieved ProfileValueSource type [class org.springframework.test.annotation.SystemProfileValueSource] for class [io.chatapp.dao.repository.GroupMemberRepositoryTest]
09:41:37.374 [main] DEBUG org.springframework.test.annotation.ProfileValueUtils - Retrieved @ProfileValueSourceConfiguration [null] for test class [io.chatapp.dao.repository.MessageRepositoryTest]
09:41:37.374 [main] DEBUG org.springframework.test.annotation.ProfileValueUtils - Retrieved ProfileValueSource type [class org.springframework.test.annotation.SystemProfileValueSource] for class [io.chatapp.dao.repository.MessageRepositoryTest]
09:41:37.374 [main] DEBUG org.springframework.test.annotation.ProfileValueUtils - Retrieved @ProfileValueSourceConfiguration [null] for test class [io.chatapp.dao.repository.UserRepositoryTest]
09:41:37.375 [main] DEBUG org.springframework.test.annotation.ProfileValueUtils - Retrieved ProfileValueSource type [class org.springframework.test.annotation.SystemProfileValueSource] for class [io.chatapp.dao.repository.UserRepositoryTest]
09:41:37.377 [main] DEBUG org.springframework.test.context.junit4.SpringJUnit4ClassRunner - SpringJUnit4ClassRunner constructor called with [class io.chatapp.dao.app.MainSpringApplicationTests]
09:41:37.378 [main] DEBUG org.springframework.test.context.BootstrapUtils - Instantiating CacheAwareContextLoaderDelegate from class [org.springframework.test.context.cache.DefaultCacheAwareContextLoaderDelegate]
09:41:37.378 [main] DEBUG org.springframework.test.context.BootstrapUtils - Instantiating BootstrapContext using constructor [public org.springframework.test.context.support.DefaultBootstrapContext(java.lang.Class,org.springframework.test.context.CacheAwareContextLoaderDelegate)]
09:41:37.379 [main] DEBUG org.springframework.test.context.BootstrapUtils - Instantiating TestContextBootstrapper for test class [io.chatapp.dao.app.MainSpringApplicationTests] from class [org.springframework.boot.test.context.SpringBootTestContextBootstrapper]
09:41:37.382 [main] INFO org.springframework.boot.test.context.SpringBootTestContextBootstrapper - Neither @ContextConfiguration nor @ContextHierarchy found for test class [io.chatapp.dao.app.MainSpringApplicationTests], using SpringBootContextLoader
09:41:37.384 [main] DEBUG org.springframework.test.context.support.AbstractContextLoader - Did not detect default resource location for test class [io.chatapp.dao.app.MainSpringApplicationTests]: class path resource [io/chatapp/dao/app/MainSpringApplicationTests-context.xml] does not exist
09:41:37.386 [main] DEBUG org.springframework.test.context.support.AbstractContextLoader - Did not detect default resource location for test class [io.chatapp.dao.app.MainSpringApplicationTests]: class path resource [io/chatapp/dao/app/MainSpringApplicationTestsContext.groovy] does not exist
09:41:37.386 [main] INFO org.springframework.test.context.support.AbstractContextLoader - Could not detect default resource locations for test class [io.chatapp.dao.app.MainSpringApplicationTests]: no resource found for suffixes {-context.xml, Context.groovy}.
09:41:37.405 [main] DEBUG org.springframework.test.context.support.ActiveProfilesUtils - Could not find an 'annotation declaring class' for annotation type [org.springframework.test.context.ActiveProfiles] and class [io.chatapp.dao.app.MainSpringApplicationTests]
09:41:37.407 [main] DEBUG org.springframework.boot.test.context.SpringBootTestContextBootstrapper - @TestExecutionListeners is not present for class [io.chatapp.dao.app.MainSpringApplicationTests]: using defaults.
09:41:37.411 [main] INFO org.springframework.boot.test.context.SpringBootTestContextBootstrapper - Loaded default TestExecutionListener class names from location [META-INF/spring.factories]: [org.springframework.boot.test.mock.mockito.MockitoTestExecutionListener, org.springframework.boot.test.mock.mockito.ResetMocksTestExecutionListener, org.springframework.boot.test.autoconfigure.restdocs.RestDocsTestExecutionListener, org.springframework.boot.test.autoconfigure.web.client.MockRestServiceServerResetTestExecutionListener, org.springframework.boot.test.autoconfigure.web.servlet.MockMvcPrintOnlyOnFailureTestExecutionListener, org.springframework.boot.test.autoconfigure.web.servlet.WebDriverTestExecutionListener, org.springframework.test.context.web.ServletTestExecutionListener, org.springframework.test.context.support.DirtiesContextBeforeModesTestExecutionListener, org.springframework.test.context.support.DependencyInjectionTestExecutionListener, org.springframework.test.context.support.DirtiesContextTestExecutionListener, org.springframework.test.context.transaction.TransactionalTestExecutionListener, org.springframework.test.context.jdbc.SqlScriptsTestExecutionListener]
09:41:37.422 [main] INFO org.springframework.boot.test.context.SpringBootTestContextBootstrapper - Using TestExecutionListeners: [org.springframework.test.context.web.ServletTestExecutionListener@143640d5, org.springframework.test.context.support.DirtiesContextBeforeModesTestExecutionListener@6295d394, org.springframework.boot.test.autoconfigure.SpringBootDependencyInjectionTestExecutionListener@475e586c, org.springframework.test.context.support.DirtiesContextTestExecutionListener@657c8ad9, org.springframework.test.context.transaction.TransactionalTestExecutionListener@436a4e4b, org.springframework.test.context.jdbc.SqlScriptsTestExecutionListener@f2f2cc1, org.springframework.boot.test.mock.mockito.MockitoTestExecutionListener@3a079870, org.springframework.boot.test.mock.mockito.ResetMocksTestExecutionListener@3b2cf7ab, org.springframework.boot.test.autoconfigure.restdocs.RestDocsTestExecutionListener@2aa5fe93, org.springframework.boot.test.autoconfigure.web.client.MockRestServiceServerResetTestExecutionListener@5c1a8622, org.springframework.boot.test.autoconfigure.web.servlet.MockMvcPrintOnlyOnFailureTestExecutionListener@5ad851c9, org.springframework.boot.test.autoconfigure.web.servlet.WebDriverTestExecutionListener@6156496]
09:41:37.427 [main] DEBUG org.springframework.test.annotation.ProfileValueUtils - Retrieved @ProfileValueSourceConfiguration [null] for test class [io.chatapp.dao.app.MainSpringApplicationTests]
09:41:37.429 [main] DEBUG org.springframework.test.annotation.ProfileValueUtils - Retrieved ProfileValueSource type [class org.springframework.test.annotation.SystemProfileValueSource] for class [io.chatapp.dao.app.MainSpringApplicationTests]
09:41:37.432 [main] DEBUG org.springframework.test.annotation.ProfileValueUtils - Retrieved @ProfileValueSourceConfiguration [null] for test class [io.chatapp.dao.app.MainSpringApplicationTests]
09:41:37.432 [main] DEBUG org.springframework.test.annotation.ProfileValueUtils - Retrieved ProfileValueSource type [class org.springframework.test.annotation.SystemProfileValueSource] for class [io.chatapp.dao.app.MainSpringApplicationTests]
09:41:37.443 [main] DEBUG org.springframework.test.context.support.AbstractDirtiesContextTestExecutionListener - Before test class: context [DefaultTestContext@fdefd3f testClass = MainSpringApplicationTests, testInstance = [null], testMethod = [null], testException = [null], mergedContextConfiguration = [WebMergedContextConfiguration@d83da2e testClass = MainSpringApplicationTests, locations = '{}', classes = '{class io.chatapp.dao.DaoSpringApplication, class io.chatapp.dao.DaoSpringApplication}', contextInitializerClasses = '[]', activeProfiles = '{}', propertySourceLocations = '{}', propertySourceProperties = '{org.springframework.boot.test.context.SpringBootTestContextBootstrapper=true}', contextCustomizers = set[org.springframework.boot.test.context.SpringBootTestContextCustomizer@6325a3ee, org.springframework.boot.test.context.filter.ExcludeFilterContextCustomizer@2b9627bc, org.springframework.boot.test.json.DuplicateJsonObjectContextCustomizerFactory$DuplicateJsonObjectContextCustomizer@61f8bee4, org.springframework.boot.test.mock.mockito.MockitoContextCustomizer@0, org.springframework.boot.test.autoconfigure.properties.PropertyMappingContextCustomizer@0, org.springframework.boot.test.autoconfigure.web.servlet.WebDriverContextCustomizerFactory$Customizer@30b8a058], resourceBasePath = 'src/main/webapp', contextLoader = 'org.springframework.boot.test.context.SpringBootContextLoader', parent = [null]]], class annotated with @DirtiesContext [false] with mode [null].
09:41:37.444 [main] DEBUG org.springframework.test.annotation.ProfileValueUtils - Retrieved @ProfileValueSourceConfiguration [null] for test class [io.chatapp.dao.app.MainSpringApplicationTests]
09:41:37.444 [main] DEBUG org.springframework.test.annotation.ProfileValueUtils - Retrieved ProfileValueSource type [class org.springframework.test.annotation.SystemProfileValueSource] for class [io.chatapp.dao.app.MainSpringApplicationTests]
09:41:37.559 [main] DEBUG org.springframework.core.env.StandardEnvironment - Adding PropertySource 'systemProperties' with lowest search precedence
09:41:37.562 [main] DEBUG org.springframework.core.env.StandardEnvironment - Adding PropertySource 'systemEnvironment' with lowest search precedence
09:41:37.563 [main] DEBUG org.springframework.core.env.StandardEnvironment - Initialized StandardEnvironment with PropertySources [MapPropertySource@1645547422 {name='systemProperties', properties={java.runtime.name=Java(TM) SE Runtime Environment, sun.boot.library.path=C:\Program Files\Java\jdk1.8.0_171\jre\bin, java.vm.version=25.171-b11, java.vm.vendor=Oracle Corporation, java.vendor.url=http://java.oracle.com/, path.separator=;, java.vm.name=Java HotSpot(TM) 64-Bit Server VM, file.encoding.pkg=sun.io, user.country=IN, user.script=, sun.java.launcher=SUN_STANDARD, sun.os.patch.level=, java.vm.specification.name=Java Virtual Machine Specification, user.dir=D:\Github\vertx\chatapp-vertx-eventbus-spring-boot-react-docker\repository, java.runtime.version=1.8.0_171-b11, basedir=D:\Github\vertx\chatapp-vertx-eventbus-spring-boot-react-docker\repository, java.awt.graphicsenv=sun.awt.Win32GraphicsEnvironment, java.endorsed.dirs=C:\Program Files\Java\jdk1.8.0_171\jre\lib\endorsed, os.arch=amd64, surefire.real.class.path=D:\Github\vertx\chatapp-vertx-eventbus-spring-boot-react-docker\repository\target\surefire\surefirebooter995067328183525832.jar, java.io.tmpdir=C:\Users\asker\AppData\Local\Temp\, line.separator=
, java.vm.specification.vendor=Oracle Corporation, user.variant=, os.name=Windows 10, sun.jnu.encoding=Cp1252, java.library.path=C:\Program Files\Java\jdk1.8.0_171\jre\bin;C:\WINDOWS\Sun\Java\bin;C:\WINDOWS\system32;C:\WINDOWS;D:\Software\IDE\Cmder\bin;D:\Software\IDE\Cmder\vendor\bin;D:\Software\IDE\Cmder\vendor\conemu-maximus5\ConEmu\Scripts;D:\Software\IDE\Cmder\vendor\conemu-maximus5;D:\Software\IDE\Cmder\vendor\conemu-maximus5\ConEmu;C:\Program Files (x86)\Common Files\Oracle\Java\javapath;C:\Program Files\Java\jdk1.8.0_171\bin;C:\Program Files (x86)\Intel\iCLS Client\;C:\Program Files\Intel\iCLS Client\;C:\WINDOWS\system32;C:\WINDOWS;C:\WINDOWS\System32\Wbem;C:\WINDOWS\System32\WindowsPowerShell\v1.0\;C:\Program Files (x86)\Intel\Intel(R) Management Engine Components\DAL;C:\Program Files\Intel\Intel(R) Management Engine Components\DAL;C:\Program Files (x86)\Intel\Intel(R) Management Engine Components\IPT;C:\Program Files\Intel\Intel(R) Management Engine Components\IPT;C:\Program Files\nodejs\;C:\Program Files\PuTTY\;C:\Program Files\Geth;c:\selenium;C:\WINDOWS\System32\OpenSSH\;C:\Program Files\Microsoft VS Code\bin;D:\Study\ApacheSpark\software\spark-2.3.1-bin-hadoop2.7\bin;C:\winutils\\bin;C:\Program Files\TortoiseSVN\bin;C:\Program Files (x86)\sbt\bin;C:\Program Files\Git\cmd;C:\Program Files\TortoiseGit\bin;C:\Program Files\Intel\WiFi\bin\;C:\Program Files\Common Files\Intel\WirelessCommon\;C:\ProgramData\chocolatey\bin;D:\Installation\Apache\apache-zookeeper-3.5.5\bin;D:\Installation\Nginx\nginx-1.16.1;D:\Software\Oracle\java\gradle-5.6.2\bin;C:\Users\asker\AppData\Local\Microsoft\WindowsApps;C:\Users\asker\AppData\Roaming\npm;D:\Software\Oracle\java\apache-ant-1.9.11\bin;C:\Program Files\Java\jdk1.8.0_171\bin;C:\Program Files\Docker Toolbox;C:\Program Files\Microsoft VS Code\bin;C:\Users\asker\AppData\Local\GitHubDesktop\bin;C:\Users\asker\AppData\Local\atom\bin;c:\selenium;D:\Software\Oracle\java\apache-maven-3.5.4\bin;C:\Users\asker\AppData\Local\Microsoft\WindowsApps;D:\Software\Oracle\java\gradle-5.6.2\bin;C:\Program Files (x86)\sbt\bin;c:\Program Files\R\R-3.5.2\bin\x64\;D:\Study\ApacheSpark\software\spark-2.3.1-bin-hadoop2.7\bin;C:\Program Files\Java\jdk1.8.0_171\bin;D:\Study\Vertx\Libraries\vertx\bin;C:\Program Files\Git\cmd;C:\Program Files\Git\mingw64\bin;C:\Program Files\Git\usr\bin;D:\Software\IDE\Cmder;., surefire.test.class.path=D:\Github\vertx\chatapp-vertx-eventbus-spring-boot-react-docker\repository\target\test-classes;D:\Github\vertx\chatapp-vertx-eventbus-spring-boot-react-docker\repository\target\classes;C:\Users\asker\.m2\repository\org\springframework\boot\spring-boot-starter-test\1.5.10.RELEASE\spring-boot-starter-test-1.5.10.RELEASE.jar;C:\Users\asker\.m2\repository\org\springframework\boot\spring-boot-test\1.5.10.RELEASE\spring-boot-test-1.5.10.RELEASE.jar;C:\Users\asker\.m2\repository\org\springframework\boot\spring-boot\1.5.10.RELEASE\spring-boot-1.5.10.RELEASE.jar;C:\Users\asker\.m2\repository\org\springframework\boot\spring-boot-test-autoconfigure\1.5.10.RELEASE\spring-boot-test-autoconfigure-1.5.10.RELEASE.jar;C:\Users\asker\.m2\repository\org\springframework\boot\spring-boot-autoconfigure\1.5.10.RELEASE\spring-boot-autoconfigure-1.5.10.RELEASE.jar;C:\Users\asker\.m2\repository\com\jayway\jsonpath\json-path\2.2.0\json-path-2.2.0.jar;C:\Users\asker\.m2\repository\net\minidev\json-smart\2.2.1\json-smart-2.2.1.jar;C:\Users\asker\.m2\repository\net\minidev\accessors-smart\1.1\accessors-smart-1.1.jar;C:\Users\asker\.m2\repository\org\ow2\asm\asm\5.0.3\asm-5.0.3.jar;C:\Users\asker\.m2\repository\junit\junit\4.12\junit-4.12.jar;C:\Users\asker\.m2\repository\org\assertj\assertj-core\2.6.0\assertj-core-2.6.0.jar;C:\Users\asker\.m2\repository\org\mockito\mockito-core\1.10.19\mockito-core-1.10.19.jar;C:\Users\asker\.m2\repository\org\objenesis\objenesis\2.1\objenesis-2.1.jar;C:\Users\asker\.m2\repository\org\hamcrest\hamcrest-core\1.3\hamcrest-core-1.3.jar;C:\Users\asker\.m2\repository\org\hamcrest\hamcrest-library\1.3\hamcrest-library-1.3.jar;C:\Users\asker\.m2\repository\org\skyscreamer\jsonassert\1.4.0\jsonassert-1.4.0.jar;C:\Users\asker\.m2\repository\com\vaadin\external\google\android-json\0.0.20131108.vaadin1\android-json-0.0.20131108.vaadin1.jar;C:\Users\asker\.m2\repository\org\springframework\spring-core\4.3.14.RELEASE\spring-core-4.3.14.RELEASE.jar;C:\Users\asker\.m2\repository\org\springframework\spring-test\4.3.14.RELEASE\spring-test-4.3.14.RELEASE.jar;C:\Users\asker\.m2\repository\org\springframework\spring-beans\4.3.14.RELEASE\spring-beans-4.3.14.RELEASE.jar;C:\Users\asker\.m2\repository\org\springframework\boot\spring-boot-starter-web\1.5.10.RELEASE\spring-boot-starter-web-1.5.10.RELEASE.jar;C:\Users\asker\.m2\repository\org\springframework\boot\spring-boot-starter\1.5.10.RELEASE\spring-boot-starter-1.5.10.RELEASE.jar;C:\Users\asker\.m2\repository\org\springframework\boot\spring-boot-starter-logging\1.5.10.RELEASE\spring-boot-starter-logging-1.5.10.RELEASE.jar;C:\Users\asker\.m2\repository\ch\qos\logback\logback-classic\1.1.11\logback-classic-1.1.11.jar;C:\Users\asker\.m2\repository\ch\qos\logback\logback-core\1.1.11\logback-core-1.1.11.jar;C:\Users\asker\.m2\repository\org\slf4j\jul-to-slf4j\1.7.25\jul-to-slf4j-1.7.25.jar;C:\Users\asker\.m2\repository\org\slf4j\log4j-over-slf4j\1.7.25\log4j-over-slf4j-1.7.25.jar;C:\Users\asker\.m2\repository\org\yaml\snakeyaml\1.17\snakeyaml-1.17.jar;C:\Users\asker\.m2\repository\org\springframework\boot\spring-boot-starter-tomcat\1.5.10.RELEASE\spring-boot-starter-tomcat-1.5.10.RELEASE.jar;C:\Users\asker\.m2\repository\org\apache\tomcat\embed\tomcat-embed-core\8.5.27\tomcat-embed-core-8.5.27.jar;C:\Users\asker\.m2\repository\org\apache\tomcat\tomcat-annotations-api\8.5.27\tomcat-annotations-api-8.5.27.jar;C:\Users\asker\.m2\repository\org\apache\tomcat\embed\tomcat-embed-el\8.5.27\tomcat-embed-el-8.5.27.jar;C:\Users\asker\.m2\repository\org\apache\tomcat\embed\tomcat-embed-websocket\8.5.27\tomcat-embed-websocket-8.5.27.jar;C:\Users\asker\.m2\repository\org\hibernate\hibernate-validator\5.3.6.Final\hibernate-validator-5.3.6.Final.jar;C:\Users\asker\.m2\repository\javax\validation\validation-api\1.1.0.Final\validation-api-1.1.0.Final.jar;C:\Users\asker\.m2\repository\org\jboss\logging\jboss-logging\3.3.1.Final\jboss-logging-3.3.1.Final.jar;C:\Users\asker\.m2\repository\com\fasterxml\classmate\1.3.4\classmate-1.3.4.jar;C:\Users\asker\.m2\repository\com\fasterxml\jackson\core\jackson-databind\2.8.10\jackson-databind-2.8.10.jar;C:\Users\asker\.m2\repository\com\fasterxml\jackson\core\jackson-annotations\2.8.0\jackson-annotations-2.8.0.jar;C:\Users\asker\.m2\repository\com\fasterxml\jackson\core\jackson-core\2.8.10\jackson-core-2.8.10.jar;C:\Users\asker\.m2\repository\org\springframework\spring-web\4.3.14.RELEASE\spring-web-4.3.14.RELEASE.jar;C:\Users\asker\.m2\repository\org\springframework\spring-aop\4.3.14.RELEASE\spring-aop-4.3.14.RELEASE.jar;C:\Users\asker\.m2\repository\org\springframework\spring-webmvc\4.3.14.RELEASE\spring-webmvc-4.3.14.RELEASE.jar;C:\Users\asker\.m2\repository\org\springframework\data\spring-data-mongodb\1.10.10.RELEASE\spring-data-mongodb-1.10.10.RELEASE.jar;C:\Users\asker\.m2\repository\org\springframework\spring-tx\4.3.14.RELEASE\spring-tx-4.3.14.RELEASE.jar;C:\Users\asker\.m2\repository\org\springframework\spring-context\4.3.14.RELEASE\spring-context-4.3.14.RELEASE.jar;C:\Users\asker\.m2\repository\org\springframework\spring-expression\4.3.14.RELEASE\spring-expression-4.3.14.RELEASE.jar;C:\Users\asker\.m2\repository\org\springframework\data\spring-data-commons\1.13.10.RELEASE\spring-data-commons-1.13.10.RELEASE.jar;C:\Users\asker\.m2\repository\org\mongodb\mongo-java-driver\3.4.3\mongo-java-driver-3.4.3.jar;C:\Users\asker\.m2\repository\org\slf4j\slf4j-api\1.7.25\slf4j-api-1.7.25.jar;C:\Users\asker\.m2\repository\org\slf4j\jcl-over-slf4j\1.7.25\jcl-over-slf4j-1.7.25.jar;C:\Users\asker\.m2\repository\io\vertx\vertx-web\3.7.0\vertx-web-3.7.0.jar;C:\Users\asker\.m2\repository\io\vertx\vertx-web-common\3.7.0\vertx-web-common-3.7.0.jar;C:\Users\asker\.m2\repository\io\vertx\vertx-auth-common\3.7.0\vertx-auth-common-3.7.0.jar;C:\Users\asker\.m2\repository\io\vertx\vertx-bridge-common\3.7.0\vertx-bridge-common-3.7.0.jar;C:\Users\asker\.m2\repository\io\vertx\vertx-core\3.7.0\vertx-core-3.7.0.jar;C:\Users\asker\.m2\repository\io\netty\netty-common\4.1.30.Final\netty-common-4.1.30.Final.jar;C:\Users\asker\.m2\repository\io\netty\netty-buffer\4.1.30.Final\netty-buffer-4.1.30.Final.jar;C:\Users\asker\.m2\repository\io\netty\netty-transport\4.1.30.Final\netty-transport-4.1.30.Final.jar;C:\Users\asker\.m2\repository\io\netty\netty-handler\4.1.30.Final\netty-handler-4.1.30.Final.jar;C:\Users\asker\.m2\repository\io\netty\netty-codec\4.1.30.Final\netty-codec-4.1.30.Final.jar;C:\Users\asker\.m2\repository\io\netty\netty-handler-proxy\4.1.30.Final\netty-handler-proxy-4.1.30.Final.jar;C:\Users\asker\.m2\repository\io\netty\netty-codec-socks\4.1.30.Final\netty-codec-socks-4.1.30.Final.jar;C:\Users\asker\.m2\repository\io\netty\netty-codec-http\4.1.30.Final\netty-codec-http-4.1.30.Final.jar;C:\Users\asker\.m2\repository\io\netty\netty-codec-http2\4.1.30.Final\netty-codec-http2-4.1.30.Final.jar;C:\Users\asker\.m2\repository\io\netty\netty-resolver\4.1.30.Final\netty-resolver-4.1.30.Final.jar;C:\Users\asker\.m2\repository\io\netty\netty-resolver-dns\4.1.30.Final\netty-resolver-dns-4.1.30.Final.jar;C:\Users\asker\.m2\repository\io\netty\netty-codec-dns\4.1.30.Final\netty-codec-dns-4.1.30.Final.jar;C:\Users\asker\.m2\repository\io\vertx\vertx-hazelcast\3.7.0\vertx-hazelcast-3.7.0.jar;C:\Users\asker\.m2\repository\com\hazelcast\hazelcast\3.7.8\hazelcast-3.7.8.jar;C:\Users\asker\.m2\repository\io\jsonwebtoken\jjwt-api\0.10.7\jjwt-api-0.10.7.jar;C:\Users\asker\.m2\repository\io\jsonwebtoken\jjwt-impl\0.10.7\jjwt-impl-0.10.7.jar;C:\Users\asker\.m2\repository\io\jsonwebtoken\jjwt-jackson\0.10.7\jjwt-jackson-0.10.7.jar;C:\Users\asker\.m2\repository\com\google\code\gson\gson\2.8.0\gson-2.8.0.jar;C:\Users\asker\.m2\repository\org\springframework\security\spring-security-crypto\3.1.0.RELEASE\spring-security-crypto-3.1.0.RELEASE.jar;, java.specification.name=Java Platform API Specification, java.class.version=52.0, sun.management.compiler=HotSpot 64-Bit Tiered Compilers, os.version=10.0, user.home=C:\Users\asker, user.timezone=GMT+03:00, java.awt.printerjob=sun.awt.windows.WPrinterJob, file.encoding=Cp1252, java.specification.version=1.8, java.class.path=D:\Github\vertx\chatapp-vertx-eventbus-spring-boot-react-docker\repository\target\test-classes;D:\Github\vertx\chatapp-vertx-eventbus-spring-boot-react-docker\repository\target\classes;C:\Users\asker\.m2\repository\org\springframework\boot\spring-boot-starter-test\1.5.10.RELEASE\spring-boot-starter-test-1.5.10.RELEASE.jar;C:\Users\asker\.m2\repository\org\springframework\boot\spring-boot-test\1.5.10.RELEASE\spring-boot-test-1.5.10.RELEASE.jar;C:\Users\asker\.m2\repository\org\springframework\boot\spring-boot\1.5.10.RELEASE\spring-boot-1.5.10.RELEASE.jar;C:\Users\asker\.m2\repository\org\springframework\boot\spring-boot-test-autoconfigure\1.5.10.RELEASE\spring-boot-test-autoconfigure-1.5.10.RELEASE.jar;C:\Users\asker\.m2\repository\org\springframework\boot\spring-boot-autoconfigure\1.5.10.RELEASE\spring-boot-autoconfigure-1.5.10.RELEASE.jar;C:\Users\asker\.m2\repository\com\jayway\jsonpath\json-path\2.2.0\json-path-2.2.0.jar;C:\Users\asker\.m2\repository\net\minidev\json-smart\2.2.1\json-smart-2.2.1.jar;C:\Users\asker\.m2\repository\net\minidev\accessors-smart\1.1\accessors-smart-1.1.jar;C:\Users\asker\.m2\repository\org\ow2\asm\asm\5.0.3\asm-5.0.3.jar;C:\Users\asker\.m2\repository\junit\junit\4.12\junit-4.12.jar;C:\Users\asker\.m2\repository\org\assertj\assertj-core\2.6.0\assertj-core-2.6.0.jar;C:\Users\asker\.m2\repository\org\mockito\mockito-core\1.10.19\mockito-core-1.10.19.jar;C:\Users\asker\.m2\repository\org\objenesis\objenesis\2.1\objenesis-2.1.jar;C:\Users\asker\.m2\repository\org\hamcrest\hamcrest-core\1.3\hamcrest-core-1.3.jar;C:\Users\asker\.m2\repository\org\hamcrest\hamcrest-library\1.3\hamcrest-library-1.3.jar;C:\Users\asker\.m2\repository\org\skyscreamer\jsonassert\1.4.0\jsonassert-1.4.0.jar;C:\Users\asker\.m2\repository\com\vaadin\external\google\android-json\0.0.20131108.vaadin1\android-json-0.0.20131108.vaadin1.jar;C:\Users\asker\.m2\repository\org\springframework\spring-core\4.3.14.RELEASE\spring-core-4.3.14.RELEASE.jar;C:\Users\asker\.m2\repository\org\springframework\spring-test\4.3.14.RELEASE\spring-test-4.3.14.RELEASE.jar;C:\Users\asker\.m2\repository\org\springframework\spring-beans\4.3.14.RELEASE\spring-beans-4.3.14.RELEASE.jar;C:\Users\asker\.m2\repository\org\springframework\boot\spring-boot-starter-web\1.5.10.RELEASE\spring-boot-starter-web-1.5.10.RELEASE.jar;C:\Users\asker\.m2\repository\org\springframework\boot\spring-boot-starter\1.5.10.RELEASE\spring-boot-starter-1.5.10.RELEASE.jar;C:\Users\asker\.m2\repository\org\springframework\boot\spring-boot-starter-logging\1.5.10.RELEASE\spring-boot-starter-logging-1.5.10.RELEASE.jar;C:\Users\asker\.m2\repository\ch\qos\logback\logback-classic\1.1.11\logback-classic-1.1.11.jar;C:\Users\asker\.m2\repository\ch\qos\logback\logback-core\1.1.11\logback-core-1.1.11.jar;C:\Users\asker\.m2\repository\org\slf4j\jul-to-slf4j\1.7.25\jul-to-slf4j-1.7.25.jar;C:\Users\asker\.m2\repository\org\slf4j\log4j-over-slf4j\1.7.25\log4j-over-slf4j-1.7.25.jar;C:\Users\asker\.m2\repository\org\yaml\snakeyaml\1.17\snakeyaml-1.17.jar;C:\Users\asker\.m2\repository\org\springframework\boot\spring-boot-starter-tomcat\1.5.10.RELEASE\spring-boot-starter-tomcat-1.5.10.RELEASE.jar;C:\Users\asker\.m2\repository\org\apache\tomcat\embed\tomcat-embed-core\8.5.27\tomcat-embed-core-8.5.27.jar;C:\Users\asker\.m2\repository\org\apache\tomcat\tomcat-annotations-api\8.5.27\tomcat-annotations-api-8.5.27.jar;C:\Users\asker\.m2\repository\org\apache\tomcat\embed\tomcat-embed-el\8.5.27\tomcat-embed-el-8.5.27.jar;C:\Users\asker\.m2\repository\org\apache\tomcat\embed\tomcat-embed-websocket\8.5.27\tomcat-embed-websocket-8.5.27.jar;C:\Users\asker\.m2\repository\org\hibernate\hibernate-validator\5.3.6.Final\hibernate-validator-5.3.6.Final.jar;C:\Users\asker\.m2\repository\javax\validation\validation-api\1.1.0.Final\validation-api-1.1.0.Final.jar;C:\Users\asker\.m2\repository\org\jboss\logging\jboss-logging\3.3.1.Final\jboss-logging-3.3.1.Final.jar;C:\Users\asker\.m2\repository\com\fasterxml\classmate\1.3.4\classmate-1.3.4.jar;C:\Users\asker\.m2\repository\com\fasterxml\jackson\core\jackson-databind\2.8.10\jackson-databind-2.8.10.jar;C:\Users\asker\.m2\repository\com\fasterxml\jackson\core\jackson-annotations\2.8.0\jackson-annotations-2.8.0.jar;C:\Users\asker\.m2\repository\com\fasterxml\jackson\core\jackson-core\2.8.10\jackson-core-2.8.10.jar;C:\Users\asker\.m2\repository\org\springframework\spring-web\4.3.14.RELEASE\spring-web-4.3.14.RELEASE.jar;C:\Users\asker\.m2\repository\org\springframework\spring-aop\4.3.14.RELEASE\spring-aop-4.3.14.RELEASE.jar;C:\Users\asker\.m2\repository\org\springframework\spring-webmvc\4.3.14.RELEASE\spring-webmvc-4.3.14.RELEASE.jar;C:\Users\asker\.m2\repository\org\springframework\data\spring-data-mongodb\1.10.10.RELEASE\spring-data-mongodb-1.10.10.RELEASE.jar;C:\Users\asker\.m2\repository\org\springframework\spring-tx\4.3.14.RELEASE\spring-tx-4.3.14.RELEASE.jar;C:\Users\asker\.m2\repository\org\springframework\spring-context\4.3.14.RELEASE\spring-context-4.3.14.RELEASE.jar;C:\Users\asker\.m2\repository\org\springframework\spring-expression\4.3.14.RELEASE\spring-expression-4.3.14.RELEASE.jar;C:\Users\asker\.m2\repository\org\springframework\data\spring-data-commons\1.13.10.RELEASE\spring-data-commons-1.13.10.RELEASE.jar;C:\Users\asker\.m2\repository\org\mongodb\mongo-java-driver\3.4.3\mongo-java-driver-3.4.3.jar;C:\Users\asker\.m2\repository\org\slf4j\slf4j-api\1.7.25\slf4j-api-1.7.25.jar;C:\Users\asker\.m2\repository\org\slf4j\jcl-over-slf4j\1.7.25\jcl-over-slf4j-1.7.25.jar;C:\Users\asker\.m2\repository\io\vertx\vertx-web\3.7.0\vertx-web-3.7.0.jar;C:\Users\asker\.m2\repository\io\vertx\vertx-web-common\3.7.0\vertx-web-common-3.7.0.jar;C:\Users\asker\.m2\repository\io\vertx\vertx-auth-common\3.7.0\vertx-auth-common-3.7.0.jar;C:\Users\asker\.m2\repository\io\vertx\vertx-bridge-common\3.7.0\vertx-bridge-common-3.7.0.jar;C:\Users\asker\.m2\repository\io\vertx\vertx-core\3.7.0\vertx-core-3.7.0.jar;C:\Users\asker\.m2\repository\io\netty\netty-common\4.1.30.Final\netty-common-4.1.30.Final.jar;C:\Users\asker\.m2\repository\io\netty\netty-buffer\4.1.30.Final\netty-buffer-4.1.30.Final.jar;C:\Users\asker\.m2\repository\io\netty\netty-transport\4.1.30.Final\netty-transport-4.1.30.Final.jar;C:\Users\asker\.m2\repository\io\netty\netty-handler\4.1.30.Final\netty-handler-4.1.30.Final.jar;C:\Users\asker\.m2\repository\io\netty\netty-codec\4.1.30.Final\netty-codec-4.1.30.Final.jar;C:\Users\asker\.m2\repository\io\netty\netty-handler-proxy\4.1.30.Final\netty-handler-proxy-4.1.30.Final.jar;C:\Users\asker\.m2\repository\io\netty\netty-codec-socks\4.1.30.Final\netty-codec-socks-4.1.30.Final.jar;C:\Users\asker\.m2\repository\io\netty\netty-codec-http\4.1.30.Final\netty-codec-http-4.1.30.Final.jar;C:\Users\asker\.m2\repository\io\netty\netty-codec-http2\4.1.30.Final\netty-codec-http2-4.1.30.Final.jar;C:\Users\asker\.m2\repository\io\netty\netty-resolver\4.1.30.Final\netty-resolver-4.1.30.Final.jar;C:\Users\asker\.m2\repository\io\netty\netty-resolver-dns\4.1.30.Final\netty-resolver-dns-4.1.30.Final.jar;C:\Users\asker\.m2\repository\io\netty\netty-codec-dns\4.1.30.Final\netty-codec-dns-4.1.30.Final.jar;C:\Users\asker\.m2\repository\io\vertx\vertx-hazelcast\3.7.0\vertx-hazelcast-3.7.0.jar;C:\Users\asker\.m2\repository\com\hazelcast\hazelcast\3.7.8\hazelcast-3.7.8.jar;C:\Users\asker\.m2\repository\io\jsonwebtoken\jjwt-api\0.10.7\jjwt-api-0.10.7.jar;C:\Users\asker\.m2\repository\io\jsonwebtoken\jjwt-impl\0.10.7\jjwt-impl-0.10.7.jar;C:\Users\asker\.m2\repository\io\jsonwebtoken\jjwt-jackson\0.10.7\jjwt-jackson-0.10.7.jar;C:\Users\asker\.m2\repository\com\google\code\gson\gson\2.8.0\gson-2.8.0.jar;C:\Users\asker\.m2\repository\org\springframework\security\spring-security-crypto\3.1.0.RELEASE\spring-security-crypto-3.1.0.RELEASE.jar;, user.name=asker, java.vm.specification.version=1.8, sun.java.command=D:\Github\vertx\chatapp-vertx-eventbus-spring-boot-react-docker\repository\target\surefire\surefirebooter995067328183525832.jar D:\Github\vertx\chatapp-vertx-eventbus-spring-boot-react-docker\repository\target\surefire\surefire6216385275689921194tmp D:\Github\vertx\chatapp-vertx-eventbus-spring-boot-react-docker\repository\target\surefire\surefire_03275185830539515625tmp, java.home=C:\Program Files\Java\jdk1.8.0_171\jre, sun.arch.data.model=64, user.language=en, java.specification.vendor=Oracle Corporation, awt.toolkit=sun.awt.windows.WToolkit, java.vm.info=mixed mode, java.version=1.8.0_171, java.ext.dirs=C:\Program Files\Java\jdk1.8.0_171\jre\lib\ext;C:\WINDOWS\Sun\Java\lib\ext, sun.boot.class.path=C:\Program Files\Java\jdk1.8.0_171\jre\lib\resources.jar;C:\Program Files\Java\jdk1.8.0_171\jre\lib\rt.jar;C:\Program Files\Java\jdk1.8.0_171\jre\lib\sunrsasign.jar;C:\Program Files\Java\jdk1.8.0_171\jre\lib\jsse.jar;C:\Program Files\Java\jdk1.8.0_171\jre\lib\jce.jar;C:\Program Files\Java\jdk1.8.0_171\jre\lib\charsets.jar;C:\Program Files\Java\jdk1.8.0_171\jre\lib\jfr.jar;C:\Program Files\Java\jdk1.8.0_171\jre\classes, java.vendor=Oracle Corporation, localRepository=C:\Users\asker\.m2\repository, file.separator=\, java.vendor.url.bug=http://bugreport.sun.com/bugreport/, sun.io.unicode.encoding=UnicodeLittle, sun.cpu.endian=little, sun.desktop=windows, sun.cpu.isalist=amd64}}, SystemEnvironmentPropertySource@440737101 {name='systemEnvironment', properties={CONEMUDRIVE=D:, PATH=D:\Software\IDE\Cmder\bin;D:\Software\IDE\Cmder\vendor\bin;D:\Software\IDE\Cmder\vendor\conemu-maximus5\ConEmu\Scripts;D:\Software\IDE\Cmder\vendor\conemu-maximus5;D:\Software\IDE\Cmder\vendor\conemu-maximus5\ConEmu;C:\Program Files (x86)\Common Files\Oracle\Java\javapath;C:\Program Files\Java\jdk1.8.0_171\bin;C:\Program Files (x86)\Intel\iCLS Client\;C:\Program Files\Intel\iCLS Client\;C:\WINDOWS\system32;C:\WINDOWS;C:\WINDOWS\System32\Wbem;C:\WINDOWS\System32\WindowsPowerShell\v1.0\;C:\Program Files (x86)\Intel\Intel(R) Management Engine Components\DAL;C:\Program Files\Intel\Intel(R) Management Engine Components\DAL;C:\Program Files (x86)\Intel\Intel(R) Management Engine Components\IPT;C:\Program Files\Intel\Intel(R) Management Engine Components\IPT;C:\Program Files\nodejs\;C:\Program Files\PuTTY\;C:\Program Files\Geth;c:\selenium;C:\WINDOWS\System32\OpenSSH\;C:\Program Files\Microsoft VS Code\bin;D:\Study\ApacheSpark\software\spark-2.3.1-bin-hadoop2.7\bin;C:\winutils\\bin;C:\Program Files\TortoiseSVN\bin;C:\Program Files (x86)\sbt\bin;C:\Program Files\Git\cmd;C:\Program Files\TortoiseGit\bin;C:\Program Files\Intel\WiFi\bin\;C:\Program Files\Common Files\Intel\WirelessCommon\;C:\ProgramData\chocolatey\bin;D:\Installation\Apache\apache-zookeeper-3.5.5\bin;D:\Installation\Nginx\nginx-1.16.1;D:\Software\Oracle\java\gradle-5.6.2\bin;C:\Users\asker\AppData\Local\Microsoft\WindowsApps;C:\Users\asker\AppData\Roaming\npm;D:\Software\Oracle\java\apache-ant-1.9.11\bin;C:\Program Files\Java\jdk1.8.0_171\bin;C:\Program Files\Docker Toolbox;C:\Program Files\Microsoft VS Code\bin;C:\Users\asker\AppData\Local\GitHubDesktop\bin;C:\Users\asker\AppData\Local\atom\bin;c:\selenium;D:\Software\Oracle\java\apache-maven-3.5.4\bin;C:\Users\asker\AppData\Local\Microsoft\WindowsApps;D:\Software\Oracle\java\gradle-5.6.2\bin;C:\Program Files (x86)\sbt\bin;c:\Program Files\R\R-3.5.2\bin\x64\;D:\Study\ApacheSpark\software\spark-2.3.1-bin-hadoop2.7\bin;C:\Program Files\Java\jdk1.8.0_171\bin;D:\Study\Vertx\Libraries\vertx\bin;C:\Program Files\Git\cmd;C:\Program Files\Git\mingw64\bin;C:\Program Files\Git\usr\bin;D:\Software\IDE\Cmder, NO_PROXY=192.168.99.100, CONEMUBUILD=180626, MAX_DEPTH=1, SESSIONNAME=Console, ALLUSERSPROFILE=C:\ProgramData, ETHEREUM_SOCKET=\\.\pipe\geth.ipc, GIT_INSTALL_ROOT=C:\Program Files\Git, CONEMUHOOKS=Enabled, LIB_BASE=call "D:\Software\IDE\Cmder\vendor\lib\lib_base.cmd", PROGRAMFILES=C:\Program Files, CONEMUCFGDIR=D:\Software\IDE\Cmder\vendor\conemu-maximus5, PSMODULEPATH=C:\Program Files\WindowsPowerShell\Modules;C:\WINDOWS\system32\WindowsPowerShell\v1.0\Modules, USERNAME=asker, CMDER_ROOT=D:\Software\IDE\Cmder, CONEMUDRAWHWND=0x0003071E, FPS_BROWSER_USER_PROFILE_STRING=Default, PATHEXT=.COM;.EXE;.BAT;.CMD;.VBS;.VBE;.JS;.JSE;.WSF;.WSH;.MSC, COMPOSE_CONVERT_WINDOWS_PATHS=true, SVN_SSH=C:\\Program Files\\Git\\bin\\ssh.exe, CONEMUTASK={cmd::Cmder}, CONEMUDIR=D:\Software\IDE\Cmder\vendor\conemu-maximus5, CONEMUPID=13428, FAST_INIT=0, VERBOSE_OUTPUT=0, HOMEPATH=\Users\asker, PROCESSOR_IDENTIFIER=Intel64 Family 6 Model 142 Stepping 9, GenuineIntel, HADOOP_HOME=C:\winutils\, PUBLIC=C:\Users\Public, =::=::\, =EXITCODE=00000000, LIB_PATH=call "D:\Software\IDE\Cmder\vendor\lib\lib_path.cmd", ZOOKEEPER_HOME=D:\Installation\Apache\apache-zookeeper-3.5.5, CMDER_SHELL=cmd, FPS_BROWSER_APP_PROFILE_STRING=Internet Explorer, TIME_INIT=0, JAVA_HOME=C:\Program Files\Java\jdk1.8.0_171, PROMPT=C&amp#8;L&amp#8;I&amp#8;N&amp#8;K&amp#8; &amp#8;$P$G, ARCHITECTURE_BITS=64, PROGRAMFILES(X86)=C:\Program Files (x86), TERM=cygwin, CHOCOLATEYTOOLSLOCATION=C:\tools, ONLINESERVICES=Online Services, =C:=C:\Users\asker, APPDATA=C:\Users\asker\AppData\Roaming, SPARK_HOME=D:\Study\ApacheSpark\software\spark-2.3.1-bin-hadoop2.7, DOCKER_CERT_PATH=C:\Users\asker\.docker\machine\machines\default, CONEMUARGS=, CONEMUBACKHWND=0x000E06BE, LIB_GIT=call "D:\Software\IDE\Cmder\vendor\lib\lib_git.cmd", COMPUTERNAME=LAPTOP-ERBVRL5P, MAVEN_PROJECTBASEDIR=D:\Github\vertx\chatapp-vertx-eventbus-spring-boot-react-docker, CLASSWORLDS_LAUNCHER=org.codehaus.plexus.classworlds.launcher.Launcher, =D:=D:\Github\vertx\chatapp-vertx-eventbus-spring-boot-react-docker\repository, HOMEDRIVE=C:, ARCHITECTURE=64, CONEMUBASEDIR=D:\Software\IDE\Cmder\vendor\conemu-maximus5\ConEmu, NUMBER_OF_PROCESSORS=4, CONEMUWORKDRIVE=C:, JVMCONFIG=\.mvn\jvm.config, ANSICON=238x1000 (238x61), USERDOMAIN_ROAMINGPROFILE=LAPTOP-ERBVRL5P, CMDER_CONFIGURED=1, PROCESSOR_LEVEL=6, SYSTEMDRIVE=C:, CEXEC=D:\Software\IDE\Cmder\vendor\bin\cexec.cmd, PLATFORMCODE=KV, PROCESSOR_ARCHITECTURE=AMD64, DEBUG_OUTPUT=0, DRIVERDATA=C:\Windows\System32\Drivers\DriverData, MAVEN_HOME=D:\Software\Oracle\java\apache-maven-3.5.4\bin\.., ALIASES=D:\Software\IDE\Cmder\config\user_aliases.cmd, PROGRAMDATA=C:\ProgramData, CHOCOLATEYLASTPATHUPDATE=132140727709714703, WDIR=D:\, ONEDRIVE=C:\Users\asker\OneDrive, CMDER_USER_FLAGS= , CONEMUANSILOG=, CONEMUHWND=0x000A0716, CLASSWORLDS_JAR="D:\Software\Oracle\java\apache-maven-3.5.4\bin\..\boot\plexus-classworlds-2.5.2.jar", REGIONCODE=EMEA, WINDIR=C:\WINDOWS, CONEMUSERVERPID=16144, M2_HOME=D:\Software\Oracle\java\apache-maven-3.5.4, ANSICON_DEF=7, CMDER_CLINK=1, LOCALAPPDATA=C:\Users\asker\AppData\Local, COMMONPROGRAMFILES(X86)=C:\Program Files (x86)\Common Files, DOCKER_HOST=tcp://192.168.99.100:2376, CMDER_INIT_START= 9:41:09.40, USERDOMAIN=LAPTOP-ERBVRL5P, LOGONSERVER=\\LAPTOP-ERBVRL5P, PLINK_PROTOCOL=ssh, LIB_PROFILE=call "D:\Software\IDE\Cmder\vendor\lib\lib_profile.cmd", LANG=en_GB.UTF-8, ERROR_CODE=0, EXEC_DIR=D:\Github\vertx\chatapp-vertx-eventbus-spring-boot-react-docker, LIB_CONSOLE=call "D:\Software\IDE\Cmder\vendor\lib\lib_console.cmd", DOCKER_MACHINE_NAME=default, CYGWIN=tty, PROGRAMW6432=C:\Program Files, SYSTEMROOT=C:\WINDOWS, CHOCOLATEYINSTALL=C:\ProgramData\chocolatey, USER_ALIASES=D:\Software\IDE\Cmder\config\user_aliases.cmd, FEFLAGNAME= , MAVEN_CMD_LINE_ARGS=install, VBOX_MSI_INSTALL_PATH=C:\Program Files\Oracle\VirtualBox\, CONEMUARGS2=, OS=Windows_NT, COMMONPROGRAMW6432=C:\Program Files\Common Files, COMMONPROGRAMFILES=C:\Program Files\Common Files, COMSPEC=C:\WINDOWS\system32\cmd.exe, CMDER_INIT_END= 9:41:12.77, SBT_HOME=C:\Program Files (x86)\sbt\, JAVACMD=C:\Program Files\Java\jdk1.8.0_171\bin\java.exe, PROCESSOR_REVISION=8e09, CONEMUPALETTE=Monokai, CCALL=call D:\Software\IDE\Cmder\vendor\bin\cexec.cmd, CMDER_ALIASES=1, CONEMUCONFIG=, CONEMUWORKDIR=C:\Users\asker, DOCKER_TLS_VERIFY=1, TEMP=C:\Users\asker\AppData\Local\Temp, USERPROFILE=C:\Users\asker, CONEMUBASEDIRSHORT=D:\Software\IDE\Cmder\vendor\conemu-maximus5\ConEmu, TMP=C:\Users\asker\AppData\Local\Temp, CONEMUANSI=ON, DOCKER_TOOLBOX_INSTALL_PATH=C:\Program Files\Docker Toolbox, HOME=C:\Users\asker}}]
09:41:37.568 [main] DEBUG org.springframework.core.env.MutablePropertySources - Adding PropertySource 'inline' with highest search precedence
09:41:37.574 [main] DEBUG org.springframework.test.context.support.TestPropertySourceUtils - Adding inlined properties to environment: {spring.jmx.enabled=false, org.springframework.boot.test.context.SpringBootTestContextBootstrapper=true, server.port=-1}
09:41:37.575 [main] DEBUG org.springframework.core.env.StandardEnvironment - Adding PropertySource 'Inlined Test Properties' with highest search precedence

  .   ____          _            __ _ _
 /\\ / ___'_ __ _ _(_)_ __  __ _ \ \ \ \
( ( )\___ | '_ | '_| | '_ \/ _` | \ \ \ \
 \\/  ___)| |_)| | | | | || (_| |  ) ) ) )
  '  |____| .__|_| |_|_| |_\__, | / / / /
 =========|_|==============|___/=/_/_/_/
 :: Spring Boot ::       (v1.5.10.RELEASE)

2019-11-12 09:41:37.987  INFO 15224 --- [           main] i.c.dao.app.MainSpringApplicationTests   : Starting MainSpringApplicationTests on LAPTOP-ERBVRL5P with PID 15224 (started by asker in D:\Github\vertx\chatapp-vertx-eventbus-spring-boot-react-docker\repository)
2019-11-12 09:41:37.988  INFO 15224 --- [           main] i.c.dao.app.MainSpringApplicationTests   : No active profile set, falling back to default profiles: default
2019-11-12 09:41:38.045  INFO 15224 --- [           main] o.s.w.c.s.GenericWebApplicationContext   : Refreshing org.springframework.web.context.support.GenericWebApplicationContext@209da20d: startup date [Tue Nov 12 09:41:38 GMT+03:00 2019]; root of context hierarchy
2019-11-12 09:41:42.170  INFO 15224 --- [           main] org.mongodb.driver.cluster               : Cluster created with settings {hosts=[mongo:27017], mode=MULTIPLE, requiredClusterType=UNKNOWN, serverSelectionTimeout='30000 ms', maxWaitQueueSize=500}
2019-11-12 09:41:42.170  INFO 15224 --- [           main] org.mongodb.driver.cluster               : Adding discovered server mongo:27017 to client view of cluster
2019-11-12 09:41:42.627  INFO 15224 --- [           main] s.w.s.m.m.a.RequestMappingHandlerAdapter : Looking for @ControllerAdvice: org.springframework.web.context.support.GenericWebApplicationContext@209da20d: startup date [Tue Nov 12 09:41:38 GMT+03:00 2019]; root of context hierarchy
2019-11-12 09:41:42.731  INFO 15224 --- [           main] s.w.s.m.m.a.RequestMappingHandlerMapping : Mapped "{[/error]}" onto public org.springframework.http.ResponseEntity<java.util.Map<java.lang.String, java.lang.Object>> org.springframework.boot.autoconfigure.web.BasicErrorController.error(javax.servlet.http.HttpServletRequest)
2019-11-12 09:41:42.733  INFO 15224 --- [           main] s.w.s.m.m.a.RequestMappingHandlerMapping : Mapped "{[/error],produces=[text/html]}" onto public org.springframework.web.servlet.ModelAndView org.springframework.boot.autoconfigure.web.BasicErrorController.errorHtml(javax.servlet.http.HttpServletRequest,javax.servlet.http.HttpServletResponse)
2019-11-12 09:41:42.775  INFO 15224 --- [           main] o.s.w.s.handler.SimpleUrlHandlerMapping  : Mapped URL path [/webjars/**] onto handler of type [class org.springframework.web.servlet.resource.ResourceHttpRequestHandler]
2019-11-12 09:41:42.776  INFO 15224 --- [           main] o.s.w.s.handler.SimpleUrlHandlerMapping  : Mapped URL path [/**] onto handler of type [class org.springframework.web.servlet.resource.ResourceHttpRequestHandler]
2019-11-12 09:41:42.819  INFO 15224 --- [           main] o.s.w.s.handler.SimpleUrlHandlerMapping  : Mapped URL path [/**/favicon.ico] onto handler of type [class org.springframework.web.servlet.resource.ResourceHttpRequestHandler]
2019-11-12 09:41:43.081  INFO 15224 --- [           main] i.c.dao.app.MainSpringApplicationTests   : Started MainSpringApplicationTests in 5.491 seconds (JVM running for 6.483)
ASKER:3000
]]></system-out>
  </testcase>
  <testcase name="contextLoads" classname="io.chatapp.dao.app.MainSpringApplicationTests" time="0.001"/>
</testsuite>